# JRE version: 7.0_25-b15
# Java VM: Java HotSpot(TM) Server VM (23.25-b01 mixed mode linux-x86 )
Heap
 PSYoungGen      total 26176K, used 5023K [0xa3c70000, 0xa57f0000, 0xb37c0000)
  eden space 24192K, 12% used [0xa3c70000,0xa3f6b110,0xa5410000)
  from space 1984K, 99% used [0xa5600000,0xa57ecde8,0xa57f0000)
  to   space 1984K, 0% used [0xa5410000,0xa5410000,0xa5600000)
 ParOldGen       total 32192K, used 2218K [0x845c0000, 0x86530000, 0xa3c70000)
  object space 32192K, 6% used [0x845c0000,0x847eaa10,0x86530000)
 PSPermGen       total 16384K, used 8286K [0x805c0000, 0x815c0000, 0x845c0000)
  object space 16384K, 50% used [0x805c0000,0x80dd78e8,0x815c0000)
GC Heap History (4 events):
Event: 3.105 GC heap before
{Heap before GC invocations=1 (full 0):
 PSYoungGen      total 14080K, used 12096K [0xa3c70000, 0xa4c20000, 0xb37c0000)
  eden space 12096K, 100% used [0xa3c70000,0xa4840000,0xa4840000)
  from space 1984K, 0% used [0xa4a30000,0xa4a30000,0xa4c20000)
  to   space 1984K, 0% used [0xa4840000,0xa4840000,0xa4a30000)
 ParOldGen       total 32192K, used 0K [0x845c0000, 0x86530000, 0xa3c70000)
  object space 32192K, 0% used [0x845c0000,0x845c0000,0x86530000)
 PSPermGen       total 16384K, used 4633K [0x805c0000, 0x815c0000, 0x845c0000)
  object space 16384K, 28% used [0x805c0000,0x80a464c0,0x815c0000)
Event: 3.150 GC heap after
Heap after GC invocations=1 (full 0):
 PSYoungGen      total 14080K, used 1968K [0xa3c70000, 0xa57f0000, 0xb37c0000)
  eden space 12096K, 0% used [0xa3c70000,0xa3c70000,0xa4840000)
  from space 1984K, 99% used [0xa4840000,0xa4a2c258,0xa4a30000)
  to   space 1984K, 0% used [0xa5600000,0xa5600000,0xa57f0000)
 ParOldGen       total 32192K, used 732K [0x845c0000, 0x86530000, 0xa3c70000)
  object space 32192K, 2% used [0x845c0000,0x846771b0,0x86530000)
 PSPermGen       total 16384K, used 4633K [0x805c0000, 0x815c0000, 0x845c0000)
  object space 16384K, 28% used [0x805c0000,0x80a464c0,0x815c0000)
}
Event: 6.231 GC heap before
{Heap before GC invocations=2 (full 0):
 PSYoungGen      total 14080K, used 14064K [0xa3c70000, 0xa57f0000, 0xb37c0000)
  eden space 12096K, 100% used [0xa3c70000,0xa4840000,0xa4840000)
  from space 1984K, 99% used [0xa4840000,0xa4a2c258,0xa4a30000)
  to   space 1984K, 0% used [0xa5600000,0xa5600000,0xa57f0000)
 ParOldGen       total 32192K, used 732K [0x845c0000, 0x86530000, 0xa3c70000)
  object space 32192K, 2% used [0x845c0000,0x846771b0,0x86530000)
 PSPermGen       total 16384K, used 6725K [0x805c0000, 0x815c0000, 0x845c0000)
  object space 16384K, 41% used [0x805c0000,0x80c51400,0x815c0000)
Event: 6.269 GC heap after
Heap after GC invocations=2 (full 0):
 PSYoungGen      total 26176K, used 1971K [0xa3c70000, 0xa57f0000, 0xb37c0000)
  eden space 24192K, 0% used [0xa3c70000,0xa3c70000,0xa5410000)
  from space 1984K, 99% used [0xa5600000,0xa57ecde8,0xa57f0000)
  to   space 1984K, 0% used [0xa5410000,0xa5410000,0xa5600000)
 ParOldGen       total 32192K, used 2218K [0x845c0000, 0x86530000, 0xa3c70000)
  object space 32192K, 6% used [0x845c0000,0x847eaa10,0x86530000)
 PSPermGen       total 16384K, used 6725K [0x805c0000, 0x815c0000, 0x845c0000)
  object space 16384K, 41% used [0x805c0000,0x80c51400,0x815c0000)
}

